{"name": "test_extra_agreements_inner_contractor_add_lke[lke]", "status": "broken", "statusDetails": {"message": "selenium.common.exceptions.TimeoutException: Message: Element 'sidebar_button' is not clickable", "trace": "self = <pages.sidebar.SideBar object at 0x00000292BCBA3E90>\nelement_info = {'name': 'sidebar_button', 'xpath': \"//button[@class='border narrow light-bold notBlocked top-nav__sidebar button-icon-menuHamburgerOrange element-button-icon element-button theme-simple']\"}\nwait_type = 'clickable'\n\n    def get_element(self, element_info: Dict[str, str], wait_type: str = 'clickable') -> Dict[str, Any]:\n        \"\"\"\n        Ожидает элемент в зависимости от выбранного типа ожидания и возвращает его.\n    \n        Parameters\n        ----------\n        element_info : dict\n            Информация о локаторе элемента.\n        wait_type : str, optional\n            Тип ожидания: 'clickable', 'visible', 'located', 'find', или 'invisibility'.\n    \n        Returns\n        -------\n        dict\n            Словарь с информацией о найденном элементе.\n        \"\"\"\n        try:\n            if wait_type == 'clickable':\n>               element = WebDriverWait(self.driver, 60).until(\n\nbase\\base_class.py:136: \n_ _ _ _ _ _ _ _ _ _ _ _ _ _ _ _ _ _ _ _ _ _ _ _ _ _ _ _ _ _ _ _ _ _ _ _ _ _ _ _\n\nself = <selenium.webdriver.support.wait.WebDriverWait (session=\"39087d4204dad3de9e962adf2b2a9516\")>\nmethod = <function element_to_be_clickable.<locals>._predicate at 0x00000292BDD2F560>\nmessage = ''\n\n    def until(self, method: Callable[[WebDriver], Union[Literal[False], T]], message: str = \"\") -> T:\n        \"\"\"Calls the method provided with the driver as an argument until the \\\n        return value does not evaluate to ``False``.\n    \n        :param method: callable(WebDriver)\n        :param message: optional message for :exc:`TimeoutException`\n        :returns: the result of the last call to `method`\n        :raises: :exc:`selenium.common.exceptions.TimeoutException` if timeout occurs\n        \"\"\"\n        screen = None\n        stacktrace = None\n    \n        end_time = time.monotonic() + self._timeout\n        while True:\n            try:\n                value = method(self._driver)\n                if value:\n                    return value\n            except self._ignored_exceptions as exc:\n                screen = getattr(exc, \"screen\", None)\n                stacktrace = getattr(exc, \"stacktrace\", None)\n            time.sleep(self._poll)\n            if time.monotonic() > end_time:\n                break\n>       raise TimeoutException(message, screen, stacktrace)\nE       selenium.common.exceptions.TimeoutException: Message: \nE       Stacktrace:\nE       \tGetHandleVerifier [0x00007FF62FB3B125+29573]\nE       \t(No symbol) [0x00007FF62FAAFF50]\nE       \t(No symbol) [0x00007FF62F96B6EA]\nE       \t(No symbol) [0x00007FF62F9BF815]\nE       \t(No symbol) [0x00007FF62F9BFA6C]\nE       \t(No symbol) [0x00007FF62FA0B917]\nE       \t(No symbol) [0x00007FF62F9E733F]\nE       \t(No symbol) [0x00007FF62FA086BC]\nE       \t(No symbol) [0x00007FF62F9E70A3]\nE       \t(No symbol) [0x00007FF62F9B12DF]\nE       \t(No symbol) [0x00007FF62F9B2441]\nE       \tGetHandleVerifier [0x00007FF62FE6C76D+3377613]\nE       \tGetHandleVerifier [0x00007FF62FEB7B67+3685831]\nE       \tGetHandleVerifier [0x00007FF62FEACF8B+3641835]\nE       \tGetHandleVerifier [0x00007FF62FBFB2A6+816390]\nE       \t(No symbol) [0x00007FF62FABB25F]\nE       \t(No symbol) [0x00007FF62FAB7084]\nE       \t(No symbol) [0x00007FF62FAB7220]\nE       \t(No symbol) [0x00007FF62FAA607F]\nE       \tBaseThreadInitThunk [0x00007FFEF1907374+20]\nE       \tRtlUserThreadStart [0x00007FFEF389CC91+33]\n\nvenv\\Lib\\site-packages\\selenium\\webdriver\\support\\wait.py:101: TimeoutException\n\nDuring handling of the above exception, another exception occurred:\n\nrequest = <SubRequest 'base_fixture' for <Function test_extra_agreements_inner_contractor_add_lke[lke]>>\ndomain = 'com'\n\n    @pytest.fixture\n    def base_fixture(request, domain):\n        # Ищем директорию, которая начинается с 'results_'\n        allure_dir = None\n        for dir_name in os.listdir('.'):\n            if dir_name.startswith('results_') and os.path.isdir(dir_name):\n                allure_dir = os.path.abspath(dir_name)  # Сохраняем путь к найденной директории\n                print(f\"Allure directory found and set: {allure_dir}\")\n                break\n    \n        # Получаем параметр из теста, который определяет тип теста и роль\n        role = request.param\n    \n        # Логика для выбора базового теста\n        if role == 'without_login':\n            base, login = base_test_without_login(domain)\n            base.allure_dir = allure_dir  # Устанавливаем директорию в base\n            yield base, login  # Возвращаем base и login вместо sidebar\n        elif role == 'via_link':\n            base, login = base_test_with_login_via_link(domain)\n            base.allure_dir = allure_dir  # Устанавливаем директорию в base\n            yield base, login  # Возвращаем base и login вместо sidebar\n        else:\n>           base, sidebar = base_test_with_login(domain, role)\n\ntests\\conftest.py:39: \n_ _ _ _ _ _ _ _ _ _ _ _ _ _ _ _ _ _ _ _ _ _ _ _ _ _ _ _ _ _ _ _ _ _ _ _ _ _ _ _\ntests\\base_test.py:13: in base_test_with_login\n    sidebar.click_button(sidebar.sidebar_button)\nbase\\base_class.py:414: in click_button\n    button_dict = self.get_element(updated_element_dict, wait_type)\n_ _ _ _ _ _ _ _ _ _ _ _ _ _ _ _ _ _ _ _ _ _ _ _ _ _ _ _ _ _ _ _ _ _ _ _ _ _ _ _\n\nself = <pages.sidebar.SideBar object at 0x00000292BCBA3E90>\nelement_info = {'name': 'sidebar_button', 'xpath': \"//button[@class='border narrow light-bold notBlocked top-nav__sidebar button-icon-menuHamburgerOrange element-button-icon element-button theme-simple']\"}\nwait_type = 'clickable'\n\n    def get_element(self, element_info: Dict[str, str], wait_type: str = 'clickable') -> Dict[str, Any]:\n        \"\"\"\n        Ожидает элемент в зависимости от выбранного типа ожидания и возвращает его.\n    \n        Parameters\n        ----------\n        element_info : dict\n            Информация о локаторе элемента.\n        wait_type : str, optional\n            Тип ожидания: 'clickable', 'visible', 'located', 'find', или 'invisibility'.\n    \n        Returns\n        -------\n        dict\n            Словарь с информацией о найденном элементе.\n        \"\"\"\n        try:\n            if wait_type == 'clickable':\n                element = WebDriverWait(self.driver, 60).until(\n                    EC.element_to_be_clickable((By.XPATH, element_info['xpath'])))\n            elif wait_type == 'visible':\n                element = WebDriverWait(self.driver, 15).until(\n                    EC.visibility_of_element_located((By.XPATH, element_info['xpath'])))\n            elif wait_type == 'located':\n                element = WebDriverWait(self.driver, 60).until(\n                    EC.presence_of_element_located((By.XPATH, element_info['xpath'])))\n            elif wait_type == 'find':\n                element = self.driver.find_element(By.XPATH, element_info['xpath'])\n            elif wait_type == 'invisibility':\n                WebDriverWait(self.driver, 60).until(\n                    EC.invisibility_of_element_located((By.XPATH, element_info['xpath'])))\n                element = None\n            else:\n                raise ValueError(f\"Unsupported wait type: {wait_type}\")\n    \n            return {'name': element_info['name'], 'element': element}\n    \n        except TimeoutException:\n            message = \"\"\n            if wait_type == 'clickable':\n                message = f\"Element '{element_info['name']}' is not clickable\"\n            elif wait_type == 'visible':\n                message = f\"Element '{element_info['name']}' is not visible\"\n                with allure.step(message):\n                    print(message)\n                # Возвращаем None, чтобы тест продолжился\n                return {'name': element_info['name'], 'element': None}\n            elif wait_type == 'located':\n                message = f\"Element '{element_info['name']}' is not located\"\n            elif wait_type == 'find':\n                message = f\"Element '{element_info['name']}' is not found\"\n            elif wait_type == 'invisibility':\n                message = f\"Element '{element_info['name']}' is not invisible\"\n    \n            with allure.step(message):\n                print(message)\n>           raise TimeoutException(message)\nE           selenium.common.exceptions.TimeoutException: Message: Element 'sidebar_button' is not clickable\n\nbase\\base_class.py:174: TimeoutException"}, "description": "ЛКЭ. Тест создания ДУ с внутр. ПВ: номер - №-timestamp, срок - с Сегодня по 40 год, коммент - ДУ создано автотестом", "parameters": [{"name": "base_fixture", "value": "'lke'"}], "start": 1728208330614, "stop": 1728208330614, "uuid": "290623d9-8df7-44c3-b589-8ec600b49be8", "historyId": "8ef8e1e5eb01fb29b55c96c8f02de0a7", "testCaseId": "b258703f794cc2f1c25f4ab65046ae2e", "fullName": "tests.test_extra_agreement_add_lke#test_extra_agreements_inner_contractor_add_lke", "labels": [{"name": "story", "value": "Smoke test"}, {"name": "feature", "value": "Создание ДУ"}, {"name": "parentSuite", "value": "tests"}, {"name": "suite", "value": "test_extra_agreement_add_lke"}, {"name": "host", "value": "DESKTOP-J5EC1KL"}, {"name": "thread", "value": "9676-MainThread"}, {"name": "framework", "value": "pytest"}, {"name": "language", "value": "cpython3"}, {"name": "package", "value": "tests.test_extra_agreement_add_lke"}]}