{"name": "test_agreement_producer_add_lkz[lkp]", "status": "broken", "statusDetails": {"message": "selenium.common.exceptions.TimeoutException: Message: Element 'producers_list_button' is not clickable", "trace": "self = <pages.sidebar.SideBar object at 0x0000023278053250>, element_info = {'name': 'producers_list_button', 'xpath': \"//li[contains(@class, 'ant-menu-item') and contains(., 'Подрядчики')]\"}, wait_type = 'clickable'\n\n    def get_element(self, element_info: Dict[str, str], wait_type: str = 'clickable') -> Dict[str, Any]:\n        \"\"\"\n        Ожидает элемент в зависимости от выбранного типа ожидания и возвращает его.\n    \n        Parameters\n        ----------\n        element_info : dict\n            Информация о локаторе элемента.\n        wait_type : str, optional\n            Тип ожидания: 'clickable', 'visible', 'located', 'find', или 'invisibility'.\n    \n        Returns\n        -------\n        dict\n            Словарь с информацией о найденном элементе.\n        \"\"\"\n        try:\n            if wait_type == 'clickable':\n>               element = WebDriverWait(self.driver, 60).until(\n\nbase\\base_class.py:136: \n_ _ _ _ _ _ _ _ _ _ _ _ _ _ _ _ _ _ _ _ _ _ _ _ _ _ _ _ _ _ _ _ _ _ _ _ _ _ _ _ _ _ _ _ _ _ _ _ _ _ _ _ _ _ _ _ _ _ _ _ _ _ _ _ _ _ _ _ _ _ _ _ _ _ _ _ _ _ _ _ _ _ _ _ _ _ _ _ _ _ _ _ _ _ _ _ _ _ _ _ _ _ _ _ _ _ _ _ _ _ _ _ _ _\n\nself = <selenium.webdriver.support.wait.WebDriverWait (session=\"eb5f271622a436d77953feca5de13398\")>, method = <function element_to_be_clickable.<locals>._predicate at 0x0000023278241B20>, message = ''\n\n    def until(self, method: Callable[[WebDriver], Union[Literal[False], T]], message: str = \"\") -> T:\n        \"\"\"Calls the method provided with the driver as an argument until the \\\n        return value does not evaluate to ``False``.\n    \n        :param method: callable(WebDriver)\n        :param message: optional message for :exc:`TimeoutException`\n        :returns: the result of the last call to `method`\n        :raises: :exc:`selenium.common.exceptions.TimeoutException` if timeout occurs\n        \"\"\"\n        screen = None\n        stacktrace = None\n    \n        end_time = time.monotonic() + self._timeout\n        while True:\n            try:\n                value = method(self._driver)\n                if value:\n                    return value\n            except self._ignored_exceptions as exc:\n                screen = getattr(exc, \"screen\", None)\n                stacktrace = getattr(exc, \"stacktrace\", None)\n            time.sleep(self._poll)\n            if time.monotonic() > end_time:\n                break\n>       raise TimeoutException(message, screen, stacktrace)\nE       selenium.common.exceptions.TimeoutException: Message: \nE       Stacktrace:\nE       \tGetHandleVerifier [0x00007FF63357B125+29573]\nE       \t(No symbol) [0x00007FF6334EFF50]\nE       \t(No symbol) [0x00007FF6333AB6EA]\nE       \t(No symbol) [0x00007FF6333FF815]\nE       \t(No symbol) [0x00007FF6333FFA6C]\nE       \t(No symbol) [0x00007FF63344B917]\nE       \t(No symbol) [0x00007FF63342733F]\nE       \t(No symbol) [0x00007FF6334486BC]\nE       \t(No symbol) [0x00007FF6334270A3]\nE       \t(No symbol) [0x00007FF6333F12DF]\nE       \t(No symbol) [0x00007FF6333F2441]\nE       \tGetHandleVerifier [0x00007FF6338AC76D+3377613]\nE       \tGetHandleVerifier [0x00007FF6338F7B67+3685831]\nE       \tGetHandleVerifier [0x00007FF6338ECF8B+3641835]\nE       \tGetHandleVerifier [0x00007FF63363B2A6+816390]\nE       \t(No symbol) [0x00007FF6334FB25F]\nE       \t(No symbol) [0x00007FF6334F7084]\nE       \t(No symbol) [0x00007FF6334F7220]\nE       \t(No symbol) [0x00007FF6334E607F]\nE       \tBaseThreadInitThunk [0x00007FFEF1907374+20]\nE       \tRtlUserThreadStart [0x00007FFEF389CC91+33]\n\nvenv\\Lib\\site-packages\\selenium\\webdriver\\support\\wait.py:101: TimeoutException\n\nDuring handling of the above exception, another exception occurred:\n\nbase_fixture = (<base.base_class.Base object at 0x00000232781FEF90>, <pages.sidebar.SideBar object at 0x0000023278053250>), domain = 'com'\n\n    @allure.story(\"Critical path test\")\n    @allure.feature('Создание договоров')\n    @allure.description('ЛКЗ. Тест создания договора с ПВ: '\n                        'номер - №-timestamp, срок - с Сегодня по 45 год, автоформирование реестров - Отключено.')\n    @pytest.mark.parametrize('base_fixture', ['lkp'], indirect=True)  # Параметризация роли\n    def test_agreement_producer_add_lkz(base_fixture, domain):\n        # Инициализация базовых объектов через фикстуру\n        base, sidebar = base_fixture\n    \n        # Переход к списку перевозчиков\n>       sidebar.click_button(sidebar.producers_list_button, do_assert=True, wait=\"lst\")\n\ntests\\test_agreement_add_lkz.py:19: \n_ _ _ _ _ _ _ _ _ _ _ _ _ _ _ _ _ _ _ _ _ _ _ _ _ _ _ _ _ _ _ _ _ _ _ _ _ _ _ _ _ _ _ _ _ _ _ _ _ _ _ _ _ _ _ _ _ _ _ _ _ _ _ _ _ _ _ _ _ _ _ _ _ _ _ _ _ _ _ _ _ _ _ _ _ _ _ _ _ _ _ _ _ _ _ _ _ _ _ _ _ _ _ _ _ _ _ _ _ _ _ _ _ _\nbase\\base_class.py:414: in click_button\n    button_dict = self.get_element(updated_element_dict, wait_type)\n_ _ _ _ _ _ _ _ _ _ _ _ _ _ _ _ _ _ _ _ _ _ _ _ _ _ _ _ _ _ _ _ _ _ _ _ _ _ _ _ _ _ _ _ _ _ _ _ _ _ _ _ _ _ _ _ _ _ _ _ _ _ _ _ _ _ _ _ _ _ _ _ _ _ _ _ _ _ _ _ _ _ _ _ _ _ _ _ _ _ _ _ _ _ _ _ _ _ _ _ _ _ _ _ _ _ _ _ _ _ _ _ _ _\n\nself = <pages.sidebar.SideBar object at 0x0000023278053250>, element_info = {'name': 'producers_list_button', 'xpath': \"//li[contains(@class, 'ant-menu-item') and contains(., 'Подрядчики')]\"}, wait_type = 'clickable'\n\n    def get_element(self, element_info: Dict[str, str], wait_type: str = 'clickable') -> Dict[str, Any]:\n        \"\"\"\n        Ожидает элемент в зависимости от выбранного типа ожидания и возвращает его.\n    \n        Parameters\n        ----------\n        element_info : dict\n            Информация о локаторе элемента.\n        wait_type : str, optional\n            Тип ожидания: 'clickable', 'visible', 'located', 'find', или 'invisibility'.\n    \n        Returns\n        -------\n        dict\n            Словарь с информацией о найденном элементе.\n        \"\"\"\n        try:\n            if wait_type == 'clickable':\n                element = WebDriverWait(self.driver, 60).until(\n                    EC.element_to_be_clickable((By.XPATH, element_info['xpath'])))\n            elif wait_type == 'visible':\n                element = WebDriverWait(self.driver, 15).until(\n                    EC.visibility_of_element_located((By.XPATH, element_info['xpath'])))\n            elif wait_type == 'located':\n                element = WebDriverWait(self.driver, 60).until(\n                    EC.presence_of_element_located((By.XPATH, element_info['xpath'])))\n            elif wait_type == 'find':\n                element = self.driver.find_element(By.XPATH, element_info['xpath'])\n            elif wait_type == 'invisibility':\n                WebDriverWait(self.driver, 60).until(\n                    EC.invisibility_of_element_located((By.XPATH, element_info['xpath'])))\n                element = None\n            else:\n                raise ValueError(f\"Unsupported wait type: {wait_type}\")\n    \n            return {'name': element_info['name'], 'element': element}\n    \n        except TimeoutException:\n            message = \"\"\n            if wait_type == 'clickable':\n                message = f\"Element '{element_info['name']}' is not clickable\"\n            elif wait_type == 'visible':\n                message = f\"Element '{element_info['name']}' is not visible\"\n                with allure.step(message):\n                    print(message)\n                # Возвращаем None, чтобы тест продолжился\n                return {'name': element_info['name'], 'element': None}\n            elif wait_type == 'located':\n                message = f\"Element '{element_info['name']}' is not located\"\n            elif wait_type == 'find':\n                message = f\"Element '{element_info['name']}' is not found\"\n            elif wait_type == 'invisibility':\n                message = f\"Element '{element_info['name']}' is not invisible\"\n    \n            with allure.step(message):\n                print(message)\n>           raise TimeoutException(message)\nE           selenium.common.exceptions.TimeoutException: Message: Element 'producers_list_button' is not clickable\n\nbase\\base_class.py:174: TimeoutException"}, "description": "ЛКЗ. Тест создания договора с ПВ: номер - №-timestamp, срок - с Сегодня по 45 год, автоформирование реестров - Отключено.", "steps": [{"name": "Click on producers_list_button", "status": "broken", "statusDetails": {"message": "selenium.common.exceptions.TimeoutException: Message: Element 'producers_list_button' is not clickable\n\n", "trace": "  File \"C:\\Users\\Gans\\PycharmProjects\\VezubrWebAuto\\base\\base_class.py\", line 414, in click_button\n    button_dict = self.get_element(updated_element_dict, wait_type)\n                  ^^^^^^^^^^^^^^^^^^^^^^^^^^^^^^^^^^^^^^^^^^^^^^^^^\n  File \"C:\\Users\\Gans\\PycharmProjects\\VezubrWebAuto\\base\\base_class.py\", line 174, in get_element\n    raise TimeoutException(message)\n"}, "steps": [{"name": "Element 'producers_list_button' is not clickable", "status": "passed", "start": 1728275179102, "stop": 1728275179102}], "start": 1728275119045, "stop": 1728275179102}, {"name": "Screen taken: tests_test_agreement_add_lkz.py_test_agreement_producer_add_lkz[lkp]_2024.10.07.04.26.19.png", "status": "passed", "start": 1728275179463, "stop": 1728275179463}], "parameters": [{"name": "base_fixture", "value": "'lkp'"}], "start": 1728275119045, "stop": 1728275179103, "uuid": "172fd926-7373-4793-9334-6efe0be0d21d", "historyId": "4bc303cae61f42fbff8a84bbe7e4f07a", "testCaseId": "0937e0330cd413e82bcead3c862b67d2", "fullName": "tests.test_agreement_add_lkz#test_agreement_producer_add_lkz", "labels": [{"name": "story", "value": "Critical path test"}, {"name": "feature", "value": "Создание договоров"}, {"name": "parentSuite", "value": "tests"}, {"name": "suite", "value": "test_agreement_add_lkz"}, {"name": "host", "value": "DESKTOP-J5EC1KL"}, {"name": "thread", "value": "1940-MainThread"}, {"name": "framework", "value": "pytest"}, {"name": "language", "value": "cpython3"}, {"name": "package", "value": "tests.test_agreement_add_lkz"}]}