{"name": "test_sidebar_lkz", "status": "broken", "statusDetails": {"message": "selenium.common.exceptions.TimeoutException: Message: \nStacktrace:\n\tGetHandleVerifier [0x00007FF630B422C2+60002]\n\t(No symbol) [0x00007FF630ABCA59]\n\t(No symbol) [0x00007FF630977EDA]\n\t(No symbol) [0x00007FF6309C76E6]\n\t(No symbol) [0x00007FF6309C77AC]\n\t(No symbol) [0x00007FF630A0E9D7]\n\t(No symbol) [0x00007FF6309EC2CF]\n\t(No symbol) [0x00007FF630A0BCC7]\n\t(No symbol) [0x00007FF6309EC033]\n\t(No symbol) [0x00007FF6309B9657]\n\t(No symbol) [0x00007FF6309BA251]\n\tGetHandleVerifier [0x00007FF630E53E2D+3278285]\n\tGetHandleVerifier [0x00007FF630EA0190+3590448]\n\tGetHandleVerifier [0x00007FF630E961D0+3549552]\n\tGetHandleVerifier [0x00007FF630BF1DE6+779654]\n\t(No symbol) [0x00007FF630AC7ACF]\n\t(No symbol) [0x00007FF630AC2EE4]\n\t(No symbol) [0x00007FF630AC3072]\n\t(No symbol) [0x00007FF630AB2C4F]\n\tBaseThreadInitThunk [0x00007FFA43917374+20]\n\tRtlUserThreadStart [0x00007FFA43BBCC91+33]", "trace": "domain = 'ru'\n\n    @allure.story(\"Smoke test\")\n    @allure.feature('Боковое меню')\n    @allure.description('ЛКЗ. Тест бокового меню: переход по всем вкладкам, '\n                        'ожидание прогрузки, проверка вкладки по названию')\n    def test_sidebar_lkz(domain):\n        # Инициализация базовых объектов и авторизация под ролью 'lkz'\n>       base, sidebar = base_test_with_login(domain=domain, role='lkz')\n\ntests\\test_sidebar.py:161: \n_ _ _ _ _ _ _ _ _ _ _ _ _ _ _ _ _ _ _ _ _ _ _ _ _ _ _ _ _ _ _ _ _ _ _ _ _ _ _ _ _ _ _ _ _ _ _ _ _ _ _ _ _ _ _ _ _ _ _ _ _ _ _ _ _ _ _ _ _ _ _ _ _ _ _ _ _ _ _ _ _ _ _ _ _ _ _ _ _ _ _ _ _ _ _ _ _ _ _ _ _ _ _ _ _ _ _ _ _ _ _ _ _ \ntests\\base_test.py:10: in base_test_with_login\n    login.authorization(role)\npages\\login_page.py:60: in authorization\n    self.input_in_field(self.user_email_input, accounts[role][\"email\"], safe=True)\nbase\\base_class.py:545: in input_in_field\n    field_dict = self.get_element(updated_element_dict, wait_type)\nbase\\base_class.py:135: in get_element\n    return {'name': element_info['name'], 'element': WebDriverWait(self.driver, 60).until(\n_ _ _ _ _ _ _ _ _ _ _ _ _ _ _ _ _ _ _ _ _ _ _ _ _ _ _ _ _ _ _ _ _ _ _ _ _ _ _ _ _ _ _ _ _ _ _ _ _ _ _ _ _ _ _ _ _ _ _ _ _ _ _ _ _ _ _ _ _ _ _ _ _ _ _ _ _ _ _ _ _ _ _ _ _ _ _ _ _ _ _ _ _ _ _ _ _ _ _ _ _ _ _ _ _ _ _ _ _ _ _ _ _ \n\nself = <selenium.webdriver.support.wait.WebDriverWait (session=\"b01b009d65d49f95c8bd6fce9231bced\")>, method = <function element_to_be_clickable.<locals>._predicate at 0x00000206E8D763E0>, message = ''\n\n    def until(self, method: Callable[[WebDriver], Union[Literal[False], T]], message: str = \"\") -> T:\n        \"\"\"Calls the method provided with the driver as an argument until the \\\n        return value does not evaluate to ``False``.\n    \n        :param method: callable(WebDriver)\n        :param message: optional message for :exc:`TimeoutException`\n        :returns: the result of the last call to `method`\n        :raises: :exc:`selenium.common.exceptions.TimeoutException` if timeout occurs\n        \"\"\"\n        screen = None\n        stacktrace = None\n    \n        end_time = time.monotonic() + self._timeout\n        while True:\n            try:\n                value = method(self._driver)\n                if value:\n                    return value\n            except self._ignored_exceptions as exc:\n                screen = getattr(exc, \"screen\", None)\n                stacktrace = getattr(exc, \"stacktrace\", None)\n            time.sleep(self._poll)\n            if time.monotonic() > end_time:\n                break\n>       raise TimeoutException(message, screen, stacktrace)\nE       selenium.common.exceptions.TimeoutException: Message: \nE       Stacktrace:\nE       \tGetHandleVerifier [0x00007FF630B422C2+60002]\nE       \t(No symbol) [0x00007FF630ABCA59]\nE       \t(No symbol) [0x00007FF630977EDA]\nE       \t(No symbol) [0x00007FF6309C76E6]\nE       \t(No symbol) [0x00007FF6309C77AC]\nE       \t(No symbol) [0x00007FF630A0E9D7]\nE       \t(No symbol) [0x00007FF6309EC2CF]\nE       \t(No symbol) [0x00007FF630A0BCC7]\nE       \t(No symbol) [0x00007FF6309EC033]\nE       \t(No symbol) [0x00007FF6309B9657]\nE       \t(No symbol) [0x00007FF6309BA251]\nE       \tGetHandleVerifier [0x00007FF630E53E2D+3278285]\nE       \tGetHandleVerifier [0x00007FF630EA0190+3590448]\nE       \tGetHandleVerifier [0x00007FF630E961D0+3549552]\nE       \tGetHandleVerifier [0x00007FF630BF1DE6+779654]\nE       \t(No symbol) [0x00007FF630AC7ACF]\nE       \t(No symbol) [0x00007FF630AC2EE4]\nE       \t(No symbol) [0x00007FF630AC3072]\nE       \t(No symbol) [0x00007FF630AB2C4F]\nE       \tBaseThreadInitThunk [0x00007FFA43917374+20]\nE       \tRtlUserThreadStart [0x00007FFA43BBCC91+33]\n\nvenv\\Lib\\site-packages\\selenium\\webdriver\\support\\wait.py:101: TimeoutException"}, "description": "ЛКЗ. Тест бокового меню: переход по всем вкладкам, ожидание прогрузки, проверка вкладки по названию", "steps": [{"name": "Start test", "status": "passed", "start": 1721350139506, "stop": 1721350139506}, {"name": "Current url: https://enter.vezubr.ru/login", "status": "passed", "start": 1721350233915, "stop": 1721350233915}, {"name": "Input in user_email_input: ***", "status": "broken", "statusDetails": {"message": "selenium.common.exceptions.TimeoutException: Message: \nStacktrace:\n\tGetHandleVerifier [0x00007FF630B422C2+60002]\n\t(No symbol) [0x00007FF630ABCA59]\n\t(No symbol) [0x00007FF630977EDA]\n\t(No symbol) [0x00007FF6309C76E6]\n\t(No symbol) [0x00007FF6309C77AC]\n\t(No symbol) [0x00007FF630A0E9D7]\n\t(No symbol) [0x00007FF6309EC2CF]\n\t(No symbol) [0x00007FF630A0BCC7]\n\t(No symbol) [0x00007FF6309EC033]\n\t(No symbol) [0x00007FF6309B9657]\n\t(No symbol) [0x00007FF6309BA251]\n\tGetHandleVerifier [0x00007FF630E53E2D+3278285]\n\tGetHandleVerifier [0x00007FF630EA0190+3590448]\n\tGetHandleVerifier [0x00007FF630E961D0+3549552]\n\tGetHandleVerifier [0x00007FF630BF1DE6+779654]\n\t(No symbol) [0x00007FF630AC7ACF]\n\t(No symbol) [0x00007FF630AC2EE4]\n\t(No symbol) [0x00007FF630AC3072]\n\t(No symbol) [0x00007FF630AB2C4F]\n\tBaseThreadInitThunk [0x00007FFA43917374+20]\n\tRtlUserThreadStart [0x00007FFA43BBCC91+33]\n\n", "trace": "  File \"C:\\Users\\Gans\\PycharmProjects\\VezubrWebAuto\\base\\base_class.py\", line 545, in input_in_field\n    field_dict = self.get_element(updated_element_dict, wait_type)\n                 ^^^^^^^^^^^^^^^^^^^^^^^^^^^^^^^^^^^^^^^^^^^^^^^^^\n  File \"C:\\Users\\Gans\\PycharmProjects\\VezubrWebAuto\\base\\base_class.py\", line 135, in get_element\n    return {'name': element_info['name'], 'element': WebDriverWait(self.driver, 60).until(\n                                                     ^^^^^^^^^^^^^^^^^^^^^^^^^^^^^^^^^^^^^\n  File \"C:\\Users\\Gans\\PycharmProjects\\VezubrWebAuto\\venv\\Lib\\site-packages\\selenium\\webdriver\\support\\wait.py\", line 101, in until\n    raise TimeoutException(message, screen, stacktrace)\n"}, "start": 1721350233950, "stop": 1721350294443}], "start": 1721350138384, "stop": 1721350294443, "uuid": "8a1d74fc-9421-41b7-b271-a15286cba76f", "historyId": "6725c038691233c48fd7089a37d5d9cf", "testCaseId": "6725c038691233c48fd7089a37d5d9cf", "fullName": "tests.test_sidebar#test_sidebar_lkz", "labels": [{"name": "story", "value": "Smoke test"}, {"name": "feature", "value": "Боковое меню"}, {"name": "parentSuite", "value": "tests"}, {"name": "suite", "value": "test_sidebar"}, {"name": "host", "value": "DESKTOP-J5EC1KL"}, {"name": "thread", "value": "2624-MainThread"}, {"name": "framework", "value": "pytest"}, {"name": "language", "value": "cpython3"}, {"name": "package", "value": "tests.test_sidebar"}]}