{"name": "test_insurance_contract_attach_lke", "status": "broken", "statusDetails": {"message": "selenium.common.exceptions.TimeoutException: Message: \nStacktrace:\n\tGetHandleVerifier [0x00007FF630B422C2+60002]\n\t(No symbol) [0x00007FF630ABCA59]\n\t(No symbol) [0x00007FF630977EDA]\n\t(No symbol) [0x00007FF6309C76E6]\n\t(No symbol) [0x00007FF6309C77AC]\n\t(No symbol) [0x00007FF630A0E9D7]\n\t(No symbol) [0x00007FF6309EC2CF]\n\t(No symbol) [0x00007FF630A0BCC7]\n\t(No symbol) [0x00007FF6309EC033]\n\t(No symbol) [0x00007FF6309B9657]\n\t(No symbol) [0x00007FF6309BA251]\n\tGetHandleVerifier [0x00007FF630E53E2D+3278285]\n\tGetHandleVerifier [0x00007FF630EA0190+3590448]\n\tGetHandleVerifier [0x00007FF630E961D0+3549552]\n\tGetHandleVerifier [0x00007FF630BF1DE6+779654]\n\t(No symbol) [0x00007FF630AC7ACF]\n\t(No symbol) [0x00007FF630AC2EE4]\n\t(No symbol) [0x00007FF630AC3072]\n\t(No symbol) [0x00007FF630AB2C4F]\n\tBaseThreadInitThunk [0x00007FFA43917374+20]\n\tRtlUserThreadStart [0x00007FFA43BBCC91+33]", "trace": "domain = 'ru'\n\n    @allure.story(\"Smoke test\")\n    @allure.feature('Прикрепление и открепление договоров страхования')\n    @allure.description('ЛКЭ. Тест прикрепления и открепления договора страхования к ГВ')\n    def test_insurance_contract_attach_lke(domain):\n        # Инициализация базовых объектов и авторизация под ролью 'lke'\n        base, sidebar = base_test_with_login(domain=domain, role='lke')\n    \n        # Переход к списку клиентов\n        sidebar.move_and_click(move_to=sidebar.contractor_hover, click_to=sidebar.clients_list_button,\n                               do_assert=True, wait=\"lst\")\n    \n        client_list = ClientsList(base.driver)\n        # Клик по клиенту с ИНН \"client_lkz_inn\"\n        client_list.click_button(client_list.client_lkz_inn, wait=\"form\")\n    \n        contractor = Contractor(base.driver)\n        # Переход на вкладку настроек контрагента\n        contractor.click_button(contractor.settings_tab)\n        # Разворачивание списка договоров страхования\n        contractor.click_button(contractor.insurance_expandable_list)\n        # Выбор страховой компании \"Энергогарант\"\n>       contractor.dropdown_click_input_click(contractor.insurance_company_select, \"Энергогарант\")\n\ntests\\test_insurance_operations.py:28: \n_ _ _ _ _ _ _ _ _ _ _ _ _ _ _ _ _ _ _ _ _ _ _ _ _ _ _ _ _ _ _ _ _ _ _ _ _ _ _ _ _ _ _ _ _ _ _ _ _ _ _ _ _ _ _ _ _ _ _ _ _ _ _ _ _ _ _ _ _ _ _ _ _ _ _ _ _ _ _ _ _ _ _ _ _ _ _ _ _ _ _ _ _ _ _ _ _ _ _ _ _ _ _ _ _ _ _ _ _ _ _ _ _ \nbase\\base_class.py:469: in dropdown_click_input_click\n    option_to_select = WebDriverWait(self.driver, 60).until(\n_ _ _ _ _ _ _ _ _ _ _ _ _ _ _ _ _ _ _ _ _ _ _ _ _ _ _ _ _ _ _ _ _ _ _ _ _ _ _ _ _ _ _ _ _ _ _ _ _ _ _ _ _ _ _ _ _ _ _ _ _ _ _ _ _ _ _ _ _ _ _ _ _ _ _ _ _ _ _ _ _ _ _ _ _ _ _ _ _ _ _ _ _ _ _ _ _ _ _ _ _ _ _ _ _ _ _ _ _ _ _ _ _ \n\nself = <selenium.webdriver.support.wait.WebDriverWait (session=\"f286da21b3705726ab19ebd6097bb91a\")>, method = <function element_to_be_clickable.<locals>._predicate at 0x00000206E8B62480>, message = ''\n\n    def until(self, method: Callable[[WebDriver], Union[Literal[False], T]], message: str = \"\") -> T:\n        \"\"\"Calls the method provided with the driver as an argument until the \\\n        return value does not evaluate to ``False``.\n    \n        :param method: callable(WebDriver)\n        :param message: optional message for :exc:`TimeoutException`\n        :returns: the result of the last call to `method`\n        :raises: :exc:`selenium.common.exceptions.TimeoutException` if timeout occurs\n        \"\"\"\n        screen = None\n        stacktrace = None\n    \n        end_time = time.monotonic() + self._timeout\n        while True:\n            try:\n                value = method(self._driver)\n                if value:\n                    return value\n            except self._ignored_exceptions as exc:\n                screen = getattr(exc, \"screen\", None)\n                stacktrace = getattr(exc, \"stacktrace\", None)\n            time.sleep(self._poll)\n            if time.monotonic() > end_time:\n                break\n>       raise TimeoutException(message, screen, stacktrace)\nE       selenium.common.exceptions.TimeoutException: Message: \nE       Stacktrace:\nE       \tGetHandleVerifier [0x00007FF630B422C2+60002]\nE       \t(No symbol) [0x00007FF630ABCA59]\nE       \t(No symbol) [0x00007FF630977EDA]\nE       \t(No symbol) [0x00007FF6309C76E6]\nE       \t(No symbol) [0x00007FF6309C77AC]\nE       \t(No symbol) [0x00007FF630A0E9D7]\nE       \t(No symbol) [0x00007FF6309EC2CF]\nE       \t(No symbol) [0x00007FF630A0BCC7]\nE       \t(No symbol) [0x00007FF6309EC033]\nE       \t(No symbol) [0x00007FF6309B9657]\nE       \t(No symbol) [0x00007FF6309BA251]\nE       \tGetHandleVerifier [0x00007FF630E53E2D+3278285]\nE       \tGetHandleVerifier [0x00007FF630EA0190+3590448]\nE       \tGetHandleVerifier [0x00007FF630E961D0+3549552]\nE       \tGetHandleVerifier [0x00007FF630BF1DE6+779654]\nE       \t(No symbol) [0x00007FF630AC7ACF]\nE       \t(No symbol) [0x00007FF630AC2EE4]\nE       \t(No symbol) [0x00007FF630AC3072]\nE       \t(No symbol) [0x00007FF630AB2C4F]\nE       \tBaseThreadInitThunk [0x00007FFA43917374+20]\nE       \tRtlUserThreadStart [0x00007FFA43BBCC91+33]\n\nvenv\\Lib\\site-packages\\selenium\\webdriver\\support\\wait.py:101: TimeoutException"}, "description": "ЛКЭ. Тест прикрепления и открепления договора страхования к ГВ", "steps": [{"name": "Start test", "status": "passed", "start": 1721347403570, "stop": 1721347403570}, {"name": "Current url: https://enter.vezubr.ru/login", "status": "passed", "start": 1721347432509, "stop": 1721347432509}, {"name": "Input in user_email_input: ***", "status": "passed", "start": 1721347432534, "stop": 1721347432631}, {"name": "Input in password_input: ***", "status": "passed", "start": 1721347432631, "stop": 1721347432707}, {"name": "Click on login_button", "status": "passed", "start": 1721347432707, "stop": 1721347432767}, {"name": "Click on sidebar_button", "status": "passed", "start": 1721347432767, "stop": 1721347466863}, {"name": "Move to contractor_hover", "status": "passed", "start": 1721347466863, "stop": 1721347467683}, {"name": "Click on clients_list_button", "status": "passed", "steps": [{"name": "Assert \"Список контрагентов\" == \"Список контрагентов\"", "status": "passed", "start": 1721347468166, "stop": 1721347468166}], "start": 1721347467887, "stop": 1721347469778}, {"name": "Click on client_lkz_inn", "status": "passed", "start": 1721347469778, "stop": 1721347479243}, {"name": "Click on settings_tab", "status": "passed", "start": 1721347479243, "stop": 1721347479365}, {"name": "Click on insurance_expandable_list", "status": "passed", "start": 1721347479365, "stop": 1721347479437}, {"name": "Select 'Энергогарант' from dropdown insurance_company_select", "status": "broken", "statusDetails": {"message": "selenium.common.exceptions.TimeoutException: Message: \nStacktrace:\n\tGetHandleVerifier [0x00007FF630B422C2+60002]\n\t(No symbol) [0x00007FF630ABCA59]\n\t(No symbol) [0x00007FF630977EDA]\n\t(No symbol) [0x00007FF6309C76E6]\n\t(No symbol) [0x00007FF6309C77AC]\n\t(No symbol) [0x00007FF630A0E9D7]\n\t(No symbol) [0x00007FF6309EC2CF]\n\t(No symbol) [0x00007FF630A0BCC7]\n\t(No symbol) [0x00007FF6309EC033]\n\t(No symbol) [0x00007FF6309B9657]\n\t(No symbol) [0x00007FF6309BA251]\n\tGetHandleVerifier [0x00007FF630E53E2D+3278285]\n\tGetHandleVerifier [0x00007FF630EA0190+3590448]\n\tGetHandleVerifier [0x00007FF630E961D0+3549552]\n\tGetHandleVerifier [0x00007FF630BF1DE6+779654]\n\t(No symbol) [0x00007FF630AC7ACF]\n\t(No symbol) [0x00007FF630AC2EE4]\n\t(No symbol) [0x00007FF630AC3072]\n\t(No symbol) [0x00007FF630AB2C4F]\n\tBaseThreadInitThunk [0x00007FFA43917374+20]\n\tRtlUserThreadStart [0x00007FFA43BBCC91+33]\n\n", "trace": "  File \"C:\\Users\\Gans\\PycharmProjects\\VezubrWebAuto\\base\\base_class.py\", line 469, in dropdown_click_input_click\n    option_to_select = WebDriverWait(self.driver, 60).until(\n                       ^^^^^^^^^^^^^^^^^^^^^^^^^^^^^^^^^^^^^\n  File \"C:\\Users\\Gans\\PycharmProjects\\VezubrWebAuto\\venv\\Lib\\site-packages\\selenium\\webdriver\\support\\wait.py\", line 101, in until\n    raise TimeoutException(message, screen, stacktrace)\n"}, "start": 1721347479437, "stop": 1721347540246}], "start": 1721347402457, "stop": 1721347540246, "uuid": "c3b18894-1437-43ef-a724-b9c617eda908", "historyId": "bbb979e1576b257eda8b62d11c2da9cc", "testCaseId": "bbb979e1576b257eda8b62d11c2da9cc", "fullName": "tests.test_insurance_operations#test_insurance_contract_attach_lke", "labels": [{"name": "story", "value": "Smoke test"}, {"name": "feature", "value": "Прикрепление и открепление договоров страхования"}, {"name": "parentSuite", "value": "tests"}, {"name": "suite", "value": "test_insurance_operations"}, {"name": "host", "value": "DESKTOP-J5EC1KL"}, {"name": "thread", "value": "2624-MainThread"}, {"name": "framework", "value": "pytest"}, {"name": "language", "value": "cpython3"}, {"name": "package", "value": "tests.test_insurance_operations"}]}